<?xml version="1.0" encoding="UTF-8"?>
<testng-results ignored="0" total="1" passed="1" failed="0" skipped="0">
  <reporter-output>
  </reporter-output>
  <suite started-at="2022-07-23T23:12:39 IST" name="Default suite" finished-at="2022-07-23T23:12:55 IST" duration-ms="16252">
    <groups>
    </groups>
    <test started-at="2022-07-23T23:12:39 IST" name="Default test" finished-at="2022-07-23T23:12:55 IST" duration-ms="16252">
      <class name="Test_login.VerifyLoginTest">
        <test-method is-config="true" signature="BM()[pri:0, instance:Test_login.VerifyLoginTest@6580cfdd]" started-at="2022-07-23T23:12:39 IST" name="BM" finished-at="2022-07-23T23:12:54 IST" duration-ms="15145" status="PASS">
          <reporter-output>
          </reporter-output>
        </test-method> <!-- BM -->
        <test-method signature="TC_001()[pri:0, instance:Test_login.VerifyLoginTest@6580cfdd]" started-at="2022-07-23T23:12:54 IST" name="TC_001" finished-at="2022-07-23T23:12:55 IST" duration-ms="934" status="PASS">
          <reporter-output>
          </reporter-output>
        </test-method> <!-- TC_001 -->
        <test-method is-config="true" signature="teardown()[pri:0, instance:Test_login.VerifyLoginTest@6580cfdd]" started-at="2022-07-23T23:12:55 IST" name="teardown" finished-at="2022-07-23T23:12:55 IST" duration-ms="138" status="PASS">
          <reporter-output>
          </reporter-output>
        </test-method> <!-- teardown -->
      </class> <!-- Test_login.VerifyLoginTest -->
    </test> <!-- Default test -->
  </suite> <!-- Default suite -->
</testng-results>
